<?xml version="1.0" encoding="UTF-8"?>
<!-- Generated by org.testng.reporters.JUnitXMLReporter -->
<testsuite ignored="0" hostname="LAPTOP-TUN1U03P" failures="1" tests="3" name="Dependency Test" time="0.007" errors="0" timestamp="25 May 2024 16:15:14 GMT">
  <testcase classname="testnglearning.TestCase3" name="doUserReg" time="0.001">
    <failure type="java.lang.AssertionError" message="Submit button missing hence failing the test">
      <![CDATA[java.lang.AssertionError: Submit button missing hence failing the test
at testnglearning.TestCase3.doUserReg(TestCase3.java:15)
... Removed 26 stack frames]]>
    </failure>
  </testcase> <!-- doUserReg -->
  <testcase classname="testnglearning.TestCase3" name="doLogin" time="0.0">
    <skipped/>
  </testcase> <!-- doLogin -->
  <testcase classname="testnglearning.TestCase3" name="isSkip" time="0.001">
    <skipped/>
  </testcase> <!-- isSkip -->
</testsuite> <!-- Dependency Test -->
