<?xml version="1.0" encoding="UTF-8"?>
<!-- Generated by org.testng.reporters.JUnitXMLReporter -->
<testsuite ignored="0" hostname="LAPTOP-TUN1U03P" failures="1" tests="3" name="Login Test" time="0.071" errors="0" timestamp="26 May 2024 15:18:56 GMT">
  <testcase classname="testnglearning.TestExtentReports" name="doLogin" time="0.025"/>
  <testcase classname="testnglearning.TestExtentReports" name="doUserReg" time="0.007">
    <failure type="java.lang.AssertionError" message="Failing the test case">
      <![CDATA[java.lang.AssertionError: Failing the test case
at testnglearning.TestExtentReports.doUserReg(TestExtentReports.java:57)
... Removed 26 stack frames]]>
    </failure>
  </testcase> <!-- doUserReg -->
  <testcase classname="testnglearning.TestExtentReports" name="isSkip" time="0.001">
    <skipped/>
  </testcase> <!-- isSkip -->
</testsuite> <!-- Login Test -->
