<?xml version="1.0" encoding="UTF-8"?>
<testng-results ignored="0" total="1" passed="1" failed="0" skipped="0">
  <reporter-output>
  </reporter-output>
  <suite started-at="2024-06-15T16:03:03Z" name="Learning Test" finished-at="2024-06-15T16:03:30Z" duration-ms="26442">
    <groups>
    </groups>
    <test started-at="2024-06-15T16:03:03Z" name="Firefox Test" finished-at="2024-06-15T16:03:30Z" duration-ms="26442">
      <class name="testnglearning.TestParameterzXML">
        <test-method signature="browserTest(java.lang.String, java.lang.String)[pri:0, instance:testnglearning.TestParameterzXML@69f1a286]" started-at="2024-06-15T16:03:03Z" name="browserTest" finished-at="2024-06-15T16:03:30Z" duration-ms="26410" status="PASS">
          <params>
            <param index="0">
              <value>
                <![CDATA[firefox]]>
              </value>
            </param>
            <param index="1">
              <value>
                <![CDATA[http://google.com]]>
              </value>
            </param>
          </params>
          <reporter-output>
          </reporter-output>
        </test-method> <!-- browserTest -->
      </class> <!-- testnglearning.TestParameterzXML -->
    </test> <!-- Firefox Test -->
  </suite> <!-- Learning Test -->
</testng-results>
