<?xml version="1.0" encoding="UTF-8"?>
<!-- Generated by org.testng.reporters.JUnitXMLReporter -->
<testsuite ignored="0" hostname="LAPTOP-TUN1U03P" failures="0" tests="4" name="Default test" time="21.557" errors="0" timestamp="26 May 2024 15:51:03 GMT">
  <testcase classname="testnglearning.TestParameterization" name="doLogin" time="1.289"/>
  <testcase classname="testnglearning.TestParameterization" name="doLogin" time="1.289"/>
  <testcase classname="testnglearning.TestParameterization" name="doLogin" time="1.293"/>
  <testcase classname="testnglearning.TestParameterization" name="doLogin" time="1.331"/>
</testsuite> <!-- Default test -->
