<?xml version="1.0" encoding="UTF-8"?>
<!-- Generated by org.testng.reporters.JUnitXMLReporter -->
<testsuite ignored="0" hostname="Priyankas-MacBook-Pro.local" failures="0" tests="4" name="Car Name and Price Test" time="35.194" errors="0" timestamp="01 Sep. 2024 12:07:06 GMT">
  <testcase classname="testcases.CarNameAndPriceTest" name="carNameAndPriceTest" time="6.758"/>
  <testcase classname="testcases.CarNameAndPriceTest" name="carNameAndPriceTest" time="13.709"/>
  <testcase classname="testcases.CarNameAndPriceTest" name="carNameAndPriceTest" time="6.379"/>
  <testcase classname="testcases.CarNameAndPriceTest" name="carNameAndPriceTest" time="7.061"/>
</testsuite> <!-- Car Name and Price Test -->
