<?xml version="1.0" encoding="UTF-8"?>
<!-- Generated by org.testng.reporters.JUnitXMLReporter -->
<testsuite ignored="0" hostname="LAPTOP-TUN1U03P" failures="0" tests="3" name="Add Customer Test" time="13.522" errors="0" timestamp="09 Jun 2024 14:47:28 GMT">
  <testcase classname="testcases.AddCustomerTest" name="addCustomer" time="4.57"/>
  <testcase classname="testcases.AddCustomerTest" name="addCustomer" time="4.378"/>
  <testcase classname="testcases.AddCustomerTest" name="addCustomer" time="4.554"/>
</testsuite> <!-- Add Customer Test -->
